 {"log_category":"server","log_level":"info","log_message":"Initializing server ...","server_host":"68622b26cb12","server_pid":1360,"server_timestamp":"2024-04-27T03:13:05.389Z","server_type":"server","server_zone":"tempZone"}
 {"log_category":"server","log_level":"info","log_message":"Setting up UNIX domain socket for agent factory ...","server_host":"68622b26cb12","server_pid":1360,"server_timestamp":"2024-04-27T03:13:05.398Z","server_type":"server","server_zone":"tempZone"}
 {"log_category":"server","log_level":"info","log_message":"Forking agent factory ...","server_host":"68622b26cb12","server_pid":1360,"server_timestamp":"2024-04-27T03:13:05.404Z","server_type":"server","server_zone":"tempZone"}
 {"log_category":"server","log_level":"info","log_message":"Connecting to agent factory [agent_factory_pid=1361] ...","server_host":"68622b26cb12","server_pid":1360,"server_timestamp":"2024-04-27T03:13:05.405Z","server_type":"server","server_zone":"tempZone"}
 {"log_category":"agent_factory","log_level":"info","log_message":"Initializing agent factory ...","server_host":"68622b26cb12","server_pid":1361,"server_timestamp":"2024-04-27T03:13:05.407Z","server_type":"agent_factory","server_zone":"tempZone"}
 {"local_hostname":"localhost, 68622b26cb12","log_category":"server","log_level":"info","port":"1247","server_host":"68622b26cb12","server_pid":1360,"server_timestamp":"2024-04-27T03:13:05.474Z","server_type":"server","server_zone":"tempZone"}
 {"log_category":"server","log_level":"info","server_host":"68622b26cb12","server_pid":1360,"server_timestamp":"2024-04-27T03:13:05.493Z","server_type":"server","server_zone":"tempZone","zone_info.host":"localhost","zone_info.name":"tempZone","zone_info.port":"1247","zone_info.type":"LOCAL_ICAT"}
 {"log_category":"server","log_level":"info","log_message":"rodsServer Release version rods4.3.2 - API Version d is up","server_host":"68622b26cb12","server_pid":1360,"server_timestamp":"2024-04-27T03:13:05.495Z","server_type":"server","server_zone":"tempZone"}
 {"log_category":"legacy","log_level":"info","log_message":">>> control plane :: listening on port 1248\n","server_host":"68622b26cb12","server_pid":1360,"server_timestamp":"2024-04-27T03:13:05.506Z","server_type":"server","server_zone":"tempZone"}
 {"log_category":"server","log_level":"info","log_message":"Forking Delay Server (irodsDelayServer) ...","server_host":"68622b26cb12","server_pid":1360,"server_timestamp":"2024-04-27T03:13:05.822Z","server_type":"server","server_zone":"tempZone"}
 {"log_category":"delay_server","log_level":"info","log_message":"Initializing delay server ...","server_host":"68622b26cb12","server_pid":1374,"server_timestamp":"2024-04-27T03:13:05.883Z","server_type":"delay_server","server_zone":"tempZone"}
 {"log_category":"server","log_level":"info","log_message":"main: select() interrupted","server_host":"68622b26cb12","server_pid":1360,"server_timestamp":"2024-04-27T03:14:25.407Z","server_type":"server","server_zone":"tempZone"}
 {"log_category":"legacy","log_level":"info","log_message":">>> control plane :: received signal SIGTERM, performing shutdown operation\n","server_host":"68622b26cb12","server_pid":1360,"server_timestamp":"2024-04-27T03:14:25.598Z","server_type":"server","server_zone":"tempZone"}
 {"log_category":"server","log_level":"info","log_message":"Agent factory has completed shutdown [exit_code=15].","server_host":"68622b26cb12","server_pid":1360,"server_timestamp":"2024-04-27T03:14:26.352Z","server_type":"server","server_zone":"tempZone"}
 {"log_category":"server","log_level":"info","log_message":"iRODS Server is exiting with state [server_state_stopped].","server_host":"68622b26cb12","server_pid":1360,"server_timestamp":"2024-04-27T03:14:26.353Z","server_type":"server","server_zone":"tempZone"}
 {"log_category":"server","log_level":"info","log_message":"iRODS Server is done.","server_host":"68622b26cb12","server_pid":1360,"server_timestamp":"2024-04-27T03:14:26.728Z","server_type":"server","server_zone":"tempZone"}
 {"log_category":"server","log_level":"info","log_message":"Initializing server ...","server_host":"68622b26cb12","server_pid":1623,"server_timestamp":"2024-04-27T03:14:27.035Z","server_type":"server","server_zone":"tempZone"}
 {"log_category":"server","log_level":"info","log_message":"Setting up UNIX domain socket for agent factory ...","server_host":"68622b26cb12","server_pid":1623,"server_timestamp":"2024-04-27T03:14:27.040Z","server_type":"server","server_zone":"tempZone"}
 {"log_category":"server","log_level":"info","log_message":"Forking agent factory ...","server_host":"68622b26cb12","server_pid":1623,"server_timestamp":"2024-04-27T03:14:27.041Z","server_type":"server","server_zone":"tempZone"}
 {"log_category":"server","log_level":"info","log_message":"Connecting to agent factory [agent_factory_pid=1624] ...","server_host":"68622b26cb12","server_pid":1623,"server_timestamp":"2024-04-27T03:14:27.042Z","server_type":"server","server_zone":"tempZone"}
 {"log_category":"agent_factory","log_level":"info","log_message":"Initializing agent factory ...","server_host":"68622b26cb12","server_pid":1624,"server_timestamp":"2024-04-27T03:14:27.045Z","server_type":"agent_factory","server_zone":"tempZone"}
 {"local_hostname":"localhost, 68622b26cb12","log_category":"server","log_level":"info","port":"1247","server_host":"68622b26cb12","server_pid":1623,"server_timestamp":"2024-04-27T03:14:27.109Z","server_type":"server","server_zone":"tempZone"}
 {"log_category":"server","log_level":"info","server_host":"68622b26cb12","server_pid":1623,"server_timestamp":"2024-04-27T03:14:27.128Z","server_type":"server","server_zone":"tempZone","zone_info.host":"localhost","zone_info.name":"tempZone","zone_info.port":"1247","zone_info.type":"LOCAL_ICAT"}
 {"log_category":"server","log_level":"info","log_message":"rodsServer Release version rods4.3.2 - API Version d is up","server_host":"68622b26cb12","server_pid":1623,"server_timestamp":"2024-04-27T03:14:27.128Z","server_type":"server","server_zone":"tempZone"}
 {"log_category":"legacy","log_level":"info","log_message":">>> control plane :: listening on port 1248\n","server_host":"68622b26cb12","server_pid":1623,"server_timestamp":"2024-04-27T03:14:27.131Z","server_type":"server","server_zone":"tempZone"}
 {"log_category":"server","log_level":"info","log_message":"Forking Delay Server (irodsDelayServer) ...","server_host":"68622b26cb12","server_pid":1623,"server_timestamp":"2024-04-27T03:14:27.422Z","server_type":"server","server_zone":"tempZone"}
 {"log_category":"delay_server","log_level":"info","log_message":"Initializing delay server ...","server_host":"68622b26cb12","server_pid":1637,"server_timestamp":"2024-04-27T03:14:27.480Z","server_type":"delay_server","server_zone":"tempZone"}
