 {"log_category":"server","log_level":"info","log_message":"Initializing server ...","server_host":"4d4f31a1bc0e","server_pid":1358,"server_timestamp":"2024-04-27T03:13:05.437Z","server_type":"server","server_zone":"tempZone"}
 {"log_category":"server","log_level":"info","log_message":"Setting up UNIX domain socket for agent factory ...","server_host":"4d4f31a1bc0e","server_pid":1358,"server_timestamp":"2024-04-27T03:13:05.441Z","server_type":"server","server_zone":"tempZone"}
 {"log_category":"server","log_level":"info","log_message":"Forking agent factory ...","server_host":"4d4f31a1bc0e","server_pid":1358,"server_timestamp":"2024-04-27T03:13:05.443Z","server_type":"server","server_zone":"tempZone"}
 {"log_category":"server","log_level":"info","log_message":"Connecting to agent factory [agent_factory_pid=1359] ...","server_host":"4d4f31a1bc0e","server_pid":1358,"server_timestamp":"2024-04-27T03:13:05.444Z","server_type":"server","server_zone":"tempZone"}
 {"log_category":"agent_factory","log_level":"info","log_message":"Initializing agent factory ...","server_host":"4d4f31a1bc0e","server_pid":1359,"server_timestamp":"2024-04-27T03:13:05.445Z","server_type":"agent_factory","server_zone":"tempZone"}
 {"local_hostname":"localhost, 4d4f31a1bc0e","log_category":"server","log_level":"info","port":"1247","server_host":"4d4f31a1bc0e","server_pid":1358,"server_timestamp":"2024-04-27T03:13:05.511Z","server_type":"server","server_zone":"tempZone"}
 {"log_category":"server","log_level":"info","server_host":"4d4f31a1bc0e","server_pid":1358,"server_timestamp":"2024-04-27T03:13:05.539Z","server_type":"server","server_zone":"tempZone","zone_info.host":"localhost","zone_info.name":"tempZone","zone_info.port":"1247","zone_info.type":"LOCAL_ICAT"}
 {"log_category":"server","log_level":"info","log_message":"rodsServer Release version rods4.3.2 - API Version d is up","server_host":"4d4f31a1bc0e","server_pid":1358,"server_timestamp":"2024-04-27T03:13:05.540Z","server_type":"server","server_zone":"tempZone"}
 {"log_category":"legacy","log_level":"info","log_message":">>> control plane :: listening on port 1248\n","server_host":"4d4f31a1bc0e","server_pid":1358,"server_timestamp":"2024-04-27T03:13:05.547Z","server_type":"server","server_zone":"tempZone"}
 {"log_category":"server","log_level":"info","log_message":"Forking Delay Server (irodsDelayServer) ...","server_host":"4d4f31a1bc0e","server_pid":1358,"server_timestamp":"2024-04-27T03:13:05.836Z","server_type":"server","server_zone":"tempZone"}
 {"log_category":"delay_server","log_level":"info","log_message":"Initializing delay server ...","server_host":"4d4f31a1bc0e","server_pid":1372,"server_timestamp":"2024-04-27T03:13:05.890Z","server_type":"delay_server","server_zone":"tempZone"}
 {"log_category":"server","log_level":"info","log_message":"main: select() interrupted","server_host":"4d4f31a1bc0e","server_pid":1358,"server_timestamp":"2024-04-27T03:14:17.687Z","server_type":"server","server_zone":"tempZone"}
 {"log_category":"legacy","log_level":"info","log_message":">>> control plane :: received signal SIGTERM, performing shutdown operation\n","server_host":"4d4f31a1bc0e","server_pid":1358,"server_timestamp":"2024-04-27T03:14:18.134Z","server_type":"server","server_zone":"tempZone"}
 {"log_category":"server","log_level":"info","log_message":"Agent factory has completed shutdown [exit_code=15].","server_host":"4d4f31a1bc0e","server_pid":1358,"server_timestamp":"2024-04-27T03:14:18.889Z","server_type":"server","server_zone":"tempZone"}
 {"log_category":"server","log_level":"info","log_message":"iRODS Server is exiting with state [server_state_stopped].","server_host":"4d4f31a1bc0e","server_pid":1358,"server_timestamp":"2024-04-27T03:14:18.889Z","server_type":"server","server_zone":"tempZone"}
 {"log_category":"server","log_level":"info","log_message":"iRODS Server is done.","server_host":"4d4f31a1bc0e","server_pid":1358,"server_timestamp":"2024-04-27T03:14:19.283Z","server_type":"server","server_zone":"tempZone"}
 {"log_category":"server","log_level":"info","log_message":"Initializing server ...","server_host":"4d4f31a1bc0e","server_pid":1623,"server_timestamp":"2024-04-27T03:14:19.651Z","server_type":"server","server_zone":"tempZone"}
 {"log_category":"server","log_level":"info","log_message":"Setting up UNIX domain socket for agent factory ...","server_host":"4d4f31a1bc0e","server_pid":1623,"server_timestamp":"2024-04-27T03:14:19.659Z","server_type":"server","server_zone":"tempZone"}
 {"log_category":"server","log_level":"info","log_message":"Forking agent factory ...","server_host":"4d4f31a1bc0e","server_pid":1623,"server_timestamp":"2024-04-27T03:14:19.661Z","server_type":"server","server_zone":"tempZone"}
 {"log_category":"server","log_level":"info","log_message":"Connecting to agent factory [agent_factory_pid=1624] ...","server_host":"4d4f31a1bc0e","server_pid":1623,"server_timestamp":"2024-04-27T03:14:19.661Z","server_type":"server","server_zone":"tempZone"}
 {"log_category":"agent_factory","log_level":"info","log_message":"Initializing agent factory ...","server_host":"4d4f31a1bc0e","server_pid":1624,"server_timestamp":"2024-04-27T03:14:19.664Z","server_type":"agent_factory","server_zone":"tempZone"}
 {"local_hostname":"localhost, 4d4f31a1bc0e","log_category":"server","log_level":"info","port":"1247","server_host":"4d4f31a1bc0e","server_pid":1623,"server_timestamp":"2024-04-27T03:14:19.726Z","server_type":"server","server_zone":"tempZone"}
 {"log_category":"server","log_level":"info","server_host":"4d4f31a1bc0e","server_pid":1623,"server_timestamp":"2024-04-27T03:14:19.744Z","server_type":"server","server_zone":"tempZone","zone_info.host":"localhost","zone_info.name":"tempZone","zone_info.port":"1247","zone_info.type":"LOCAL_ICAT"}
 {"log_category":"server","log_level":"info","log_message":"rodsServer Release version rods4.3.2 - API Version d is up","server_host":"4d4f31a1bc0e","server_pid":1623,"server_timestamp":"2024-04-27T03:14:19.745Z","server_type":"server","server_zone":"tempZone"}
 {"log_category":"legacy","log_level":"info","log_message":">>> control plane :: listening on port 1248\n","server_host":"4d4f31a1bc0e","server_pid":1623,"server_timestamp":"2024-04-27T03:14:19.748Z","server_type":"server","server_zone":"tempZone"}
 {"log_category":"server","log_level":"info","log_message":"Forking Delay Server (irodsDelayServer) ...","server_host":"4d4f31a1bc0e","server_pid":1623,"server_timestamp":"2024-04-27T03:14:20.028Z","server_type":"server","server_zone":"tempZone"}
 {"log_category":"delay_server","log_level":"info","log_message":"Initializing delay server ...","server_host":"4d4f31a1bc0e","server_pid":1637,"server_timestamp":"2024-04-27T03:14:20.109Z","server_type":"delay_server","server_zone":"tempZone"}
