 {"log_category":"server","log_level":"info","log_message":"Initializing server ...","server_host":"75365cdaafc4","server_pid":1359,"server_timestamp":"2024-04-27T03:13:05.460Z","server_type":"server","server_zone":"tempZone"}
 {"log_category":"server","log_level":"info","log_message":"Setting up UNIX domain socket for agent factory ...","server_host":"75365cdaafc4","server_pid":1359,"server_timestamp":"2024-04-27T03:13:05.470Z","server_type":"server","server_zone":"tempZone"}
 {"log_category":"server","log_level":"info","log_message":"Forking agent factory ...","server_host":"75365cdaafc4","server_pid":1359,"server_timestamp":"2024-04-27T03:13:05.472Z","server_type":"server","server_zone":"tempZone"}
 {"log_category":"server","log_level":"info","log_message":"Connecting to agent factory [agent_factory_pid=1360] ...","server_host":"75365cdaafc4","server_pid":1359,"server_timestamp":"2024-04-27T03:13:05.473Z","server_type":"server","server_zone":"tempZone"}
 {"log_category":"agent_factory","log_level":"info","log_message":"Initializing agent factory ...","server_host":"75365cdaafc4","server_pid":1360,"server_timestamp":"2024-04-27T03:13:05.475Z","server_type":"agent_factory","server_zone":"tempZone"}
 {"local_hostname":"localhost, 75365cdaafc4","log_category":"server","log_level":"info","port":"1247","server_host":"75365cdaafc4","server_pid":1359,"server_timestamp":"2024-04-27T03:13:05.551Z","server_type":"server","server_zone":"tempZone"}
 {"log_category":"server","log_level":"info","server_host":"75365cdaafc4","server_pid":1359,"server_timestamp":"2024-04-27T03:13:05.570Z","server_type":"server","server_zone":"tempZone","zone_info.host":"localhost","zone_info.name":"tempZone","zone_info.port":"1247","zone_info.type":"LOCAL_ICAT"}
 {"log_category":"server","log_level":"info","log_message":"rodsServer Release version rods4.3.2 - API Version d is up","server_host":"75365cdaafc4","server_pid":1359,"server_timestamp":"2024-04-27T03:13:05.571Z","server_type":"server","server_zone":"tempZone"}
 {"log_category":"legacy","log_level":"info","log_message":">>> control plane :: listening on port 1248\n","server_host":"75365cdaafc4","server_pid":1359,"server_timestamp":"2024-04-27T03:13:05.583Z","server_type":"server","server_zone":"tempZone"}
 {"log_category":"server","log_level":"info","log_message":"Forking Delay Server (irodsDelayServer) ...","server_host":"75365cdaafc4","server_pid":1359,"server_timestamp":"2024-04-27T03:13:05.893Z","server_type":"server","server_zone":"tempZone"}
 {"log_category":"delay_server","log_level":"info","log_message":"Initializing delay server ...","server_host":"75365cdaafc4","server_pid":1373,"server_timestamp":"2024-04-27T03:13:05.944Z","server_type":"delay_server","server_zone":"tempZone"}
 {"log_category":"server","log_level":"info","log_message":"main: select() interrupted","server_host":"75365cdaafc4","server_pid":1359,"server_timestamp":"2024-04-27T03:14:26.872Z","server_type":"server","server_zone":"tempZone"}
 {"log_category":"legacy","log_level":"info","log_message":">>> control plane :: received signal SIGTERM, performing shutdown operation\n","server_host":"75365cdaafc4","server_pid":1359,"server_timestamp":"2024-04-27T03:14:27.181Z","server_type":"server","server_zone":"tempZone"}
 {"log_category":"server","log_level":"info","log_message":"Agent factory has completed shutdown [exit_code=15].","server_host":"75365cdaafc4","server_pid":1359,"server_timestamp":"2024-04-27T03:14:27.935Z","server_type":"server","server_zone":"tempZone"}
 {"log_category":"server","log_level":"info","log_message":"iRODS Server is exiting with state [server_state_stopped].","server_host":"75365cdaafc4","server_pid":1359,"server_timestamp":"2024-04-27T03:14:27.935Z","server_type":"server","server_zone":"tempZone"}
 {"log_category":"server","log_level":"info","log_message":"iRODS Server is done.","server_host":"75365cdaafc4","server_pid":1359,"server_timestamp":"2024-04-27T03:14:28.332Z","server_type":"server","server_zone":"tempZone"}
 {"log_category":"server","log_level":"info","log_message":"Initializing server ...","server_host":"75365cdaafc4","server_pid":1616,"server_timestamp":"2024-04-27T03:14:28.506Z","server_type":"server","server_zone":"tempZone"}
 {"log_category":"server","log_level":"info","log_message":"Setting up UNIX domain socket for agent factory ...","server_host":"75365cdaafc4","server_pid":1616,"server_timestamp":"2024-04-27T03:14:28.514Z","server_type":"server","server_zone":"tempZone"}
 {"log_category":"server","log_level":"info","log_message":"Forking agent factory ...","server_host":"75365cdaafc4","server_pid":1616,"server_timestamp":"2024-04-27T03:14:28.518Z","server_type":"server","server_zone":"tempZone"}
 {"log_category":"server","log_level":"info","log_message":"Connecting to agent factory [agent_factory_pid=1617] ...","server_host":"75365cdaafc4","server_pid":1616,"server_timestamp":"2024-04-27T03:14:28.519Z","server_type":"server","server_zone":"tempZone"}
 {"log_category":"agent_factory","log_level":"info","log_message":"Initializing agent factory ...","server_host":"75365cdaafc4","server_pid":1617,"server_timestamp":"2024-04-27T03:14:28.522Z","server_type":"agent_factory","server_zone":"tempZone"}
 {"local_hostname":"localhost, 75365cdaafc4","log_category":"server","log_level":"info","port":"1247","server_host":"75365cdaafc4","server_pid":1616,"server_timestamp":"2024-04-27T03:14:28.587Z","server_type":"server","server_zone":"tempZone"}
 {"log_category":"server","log_level":"info","server_host":"75365cdaafc4","server_pid":1616,"server_timestamp":"2024-04-27T03:14:28.605Z","server_type":"server","server_zone":"tempZone","zone_info.host":"localhost","zone_info.name":"tempZone","zone_info.port":"1247","zone_info.type":"LOCAL_ICAT"}
 {"log_category":"server","log_level":"info","log_message":"rodsServer Release version rods4.3.2 - API Version d is up","server_host":"75365cdaafc4","server_pid":1616,"server_timestamp":"2024-04-27T03:14:28.606Z","server_type":"server","server_zone":"tempZone"}
 {"log_category":"legacy","log_level":"info","log_message":">>> control plane :: listening on port 1248\n","server_host":"75365cdaafc4","server_pid":1616,"server_timestamp":"2024-04-27T03:14:28.608Z","server_type":"server","server_zone":"tempZone"}
 {"log_category":"server","log_level":"info","log_message":"Forking Delay Server (irodsDelayServer) ...","server_host":"75365cdaafc4","server_pid":1616,"server_timestamp":"2024-04-27T03:14:28.874Z","server_type":"server","server_zone":"tempZone"}
 {"log_category":"delay_server","log_level":"info","log_message":"Initializing delay server ...","server_host":"75365cdaafc4","server_pid":1630,"server_timestamp":"2024-04-27T03:14:28.941Z","server_type":"delay_server","server_zone":"tempZone"}
