 {"log_category":"server","log_level":"info","log_message":"Initializing server ...","server_host":"33fb94fc46b1","server_pid":1359,"server_timestamp":"2024-04-27T03:13:05.405Z","server_type":"server","server_zone":"tempZone"}
 {"log_category":"server","log_level":"info","log_message":"Setting up UNIX domain socket for agent factory ...","server_host":"33fb94fc46b1","server_pid":1359,"server_timestamp":"2024-04-27T03:13:05.409Z","server_type":"server","server_zone":"tempZone"}
 {"log_category":"server","log_level":"info","log_message":"Forking agent factory ...","server_host":"33fb94fc46b1","server_pid":1359,"server_timestamp":"2024-04-27T03:13:05.411Z","server_type":"server","server_zone":"tempZone"}
 {"log_category":"server","log_level":"info","log_message":"Connecting to agent factory [agent_factory_pid=1360] ...","server_host":"33fb94fc46b1","server_pid":1359,"server_timestamp":"2024-04-27T03:13:05.412Z","server_type":"server","server_zone":"tempZone"}
 {"log_category":"agent_factory","log_level":"info","log_message":"Initializing agent factory ...","server_host":"33fb94fc46b1","server_pid":1360,"server_timestamp":"2024-04-27T03:13:05.413Z","server_type":"agent_factory","server_zone":"tempZone"}
 {"local_hostname":"localhost, 33fb94fc46b1","log_category":"server","log_level":"info","port":"1247","server_host":"33fb94fc46b1","server_pid":1359,"server_timestamp":"2024-04-27T03:13:05.491Z","server_type":"server","server_zone":"tempZone"}
 {"log_category":"server","log_level":"info","server_host":"33fb94fc46b1","server_pid":1359,"server_timestamp":"2024-04-27T03:13:05.509Z","server_type":"server","server_zone":"tempZone","zone_info.host":"localhost","zone_info.name":"tempZone","zone_info.port":"1247","zone_info.type":"LOCAL_ICAT"}
 {"log_category":"server","log_level":"info","log_message":"rodsServer Release version rods4.3.2 - API Version d is up","server_host":"33fb94fc46b1","server_pid":1359,"server_timestamp":"2024-04-27T03:13:05.511Z","server_type":"server","server_zone":"tempZone"}
 {"log_category":"legacy","log_level":"info","log_message":">>> control plane :: listening on port 1248\n","server_host":"33fb94fc46b1","server_pid":1359,"server_timestamp":"2024-04-27T03:13:05.530Z","server_type":"server","server_zone":"tempZone"}
 {"log_category":"server","log_level":"info","log_message":"Forking Delay Server (irodsDelayServer) ...","server_host":"33fb94fc46b1","server_pid":1359,"server_timestamp":"2024-04-27T03:13:05.825Z","server_type":"server","server_zone":"tempZone"}
 {"log_category":"delay_server","log_level":"info","log_message":"Initializing delay server ...","server_host":"33fb94fc46b1","server_pid":1373,"server_timestamp":"2024-04-27T03:13:05.878Z","server_type":"delay_server","server_zone":"tempZone"}
 {"log_category":"server","log_level":"info","log_message":"main: select() interrupted","server_host":"33fb94fc46b1","server_pid":1359,"server_timestamp":"2024-04-27T03:14:34.939Z","server_type":"server","server_zone":"tempZone"}
 {"log_category":"legacy","log_level":"info","log_message":">>> control plane :: received signal SIGTERM, performing shutdown operation\n","server_host":"33fb94fc46b1","server_pid":1359,"server_timestamp":"2024-04-27T03:14:35.137Z","server_type":"server","server_zone":"tempZone"}
 {"log_category":"server","log_level":"info","log_message":"Agent factory has completed shutdown [exit_code=15].","server_host":"33fb94fc46b1","server_pid":1359,"server_timestamp":"2024-04-27T03:14:35.893Z","server_type":"server","server_zone":"tempZone"}
 {"log_category":"server","log_level":"info","log_message":"iRODS Server is exiting with state [server_state_stopped].","server_host":"33fb94fc46b1","server_pid":1359,"server_timestamp":"2024-04-27T03:14:35.893Z","server_type":"server","server_zone":"tempZone"}
 {"log_category":"server","log_level":"info","log_message":"iRODS Server is done.","server_host":"33fb94fc46b1","server_pid":1359,"server_timestamp":"2024-04-27T03:14:36.310Z","server_type":"server","server_zone":"tempZone"}
 {"log_category":"server","log_level":"info","log_message":"Initializing server ...","server_host":"33fb94fc46b1","server_pid":1622,"server_timestamp":"2024-04-27T03:14:36.751Z","server_type":"server","server_zone":"tempZone"}
 {"log_category":"server","log_level":"info","log_message":"Setting up UNIX domain socket for agent factory ...","server_host":"33fb94fc46b1","server_pid":1622,"server_timestamp":"2024-04-27T03:14:36.761Z","server_type":"server","server_zone":"tempZone"}
 {"log_category":"server","log_level":"info","log_message":"Forking agent factory ...","server_host":"33fb94fc46b1","server_pid":1622,"server_timestamp":"2024-04-27T03:14:36.766Z","server_type":"server","server_zone":"tempZone"}
 {"log_category":"server","log_level":"info","log_message":"Connecting to agent factory [agent_factory_pid=1623] ...","server_host":"33fb94fc46b1","server_pid":1622,"server_timestamp":"2024-04-27T03:14:36.768Z","server_type":"server","server_zone":"tempZone"}
 {"log_category":"agent_factory","log_level":"info","log_message":"Initializing agent factory ...","server_host":"33fb94fc46b1","server_pid":1623,"server_timestamp":"2024-04-27T03:14:36.771Z","server_type":"agent_factory","server_zone":"tempZone"}
 {"local_hostname":"localhost, 33fb94fc46b1","log_category":"server","log_level":"info","port":"1247","server_host":"33fb94fc46b1","server_pid":1622,"server_timestamp":"2024-04-27T03:14:36.842Z","server_type":"server","server_zone":"tempZone"}
 {"log_category":"server","log_level":"info","server_host":"33fb94fc46b1","server_pid":1622,"server_timestamp":"2024-04-27T03:14:36.860Z","server_type":"server","server_zone":"tempZone","zone_info.host":"localhost","zone_info.name":"tempZone","zone_info.port":"1247","zone_info.type":"LOCAL_ICAT"}
 {"log_category":"server","log_level":"info","log_message":"rodsServer Release version rods4.3.2 - API Version d is up","server_host":"33fb94fc46b1","server_pid":1622,"server_timestamp":"2024-04-27T03:14:36.861Z","server_type":"server","server_zone":"tempZone"}
 {"log_category":"legacy","log_level":"info","log_message":">>> control plane :: listening on port 1248\n","server_host":"33fb94fc46b1","server_pid":1622,"server_timestamp":"2024-04-27T03:14:36.863Z","server_type":"server","server_zone":"tempZone"}
 {"log_category":"server","log_level":"info","log_message":"Forking Delay Server (irodsDelayServer) ...","server_host":"33fb94fc46b1","server_pid":1622,"server_timestamp":"2024-04-27T03:14:37.149Z","server_type":"server","server_zone":"tempZone"}
 {"log_category":"delay_server","log_level":"info","log_message":"Initializing delay server ...","server_host":"33fb94fc46b1","server_pid":1636,"server_timestamp":"2024-04-27T03:14:37.209Z","server_type":"delay_server","server_zone":"tempZone"}
