 {"log_category":"server","log_level":"info","log_message":"Initializing server ...","server_host":"a632feec1b96","server_pid":1360,"server_timestamp":"2024-04-27T03:13:05.445Z","server_type":"server","server_zone":"tempZone"}
 {"log_category":"server","log_level":"info","log_message":"Setting up UNIX domain socket for agent factory ...","server_host":"a632feec1b96","server_pid":1360,"server_timestamp":"2024-04-27T03:13:05.470Z","server_type":"server","server_zone":"tempZone"}
 {"log_category":"server","log_level":"info","log_message":"Forking agent factory ...","server_host":"a632feec1b96","server_pid":1360,"server_timestamp":"2024-04-27T03:13:05.472Z","server_type":"server","server_zone":"tempZone"}
 {"log_category":"server","log_level":"info","log_message":"Connecting to agent factory [agent_factory_pid=1361] ...","server_host":"a632feec1b96","server_pid":1360,"server_timestamp":"2024-04-27T03:13:05.473Z","server_type":"server","server_zone":"tempZone"}
 {"log_category":"agent_factory","log_level":"info","log_message":"Initializing agent factory ...","server_host":"a632feec1b96","server_pid":1361,"server_timestamp":"2024-04-27T03:13:05.474Z","server_type":"agent_factory","server_zone":"tempZone"}
 {"local_hostname":"localhost, a632feec1b96","log_category":"server","log_level":"info","port":"1247","server_host":"a632feec1b96","server_pid":1360,"server_timestamp":"2024-04-27T03:13:05.556Z","server_type":"server","server_zone":"tempZone"}
 {"log_category":"server","log_level":"info","server_host":"a632feec1b96","server_pid":1360,"server_timestamp":"2024-04-27T03:13:05.575Z","server_type":"server","server_zone":"tempZone","zone_info.host":"localhost","zone_info.name":"tempZone","zone_info.port":"1247","zone_info.type":"LOCAL_ICAT"}
 {"log_category":"server","log_level":"info","log_message":"rodsServer Release version rods4.3.2 - API Version d is up","server_host":"a632feec1b96","server_pid":1360,"server_timestamp":"2024-04-27T03:13:05.576Z","server_type":"server","server_zone":"tempZone"}
 {"log_category":"legacy","log_level":"info","log_message":">>> control plane :: listening on port 1248\n","server_host":"a632feec1b96","server_pid":1360,"server_timestamp":"2024-04-27T03:13:05.581Z","server_type":"server","server_zone":"tempZone"}
 {"log_category":"server","log_level":"info","log_message":"Forking Delay Server (irodsDelayServer) ...","server_host":"a632feec1b96","server_pid":1360,"server_timestamp":"2024-04-27T03:13:05.871Z","server_type":"server","server_zone":"tempZone"}
 {"log_category":"delay_server","log_level":"info","log_message":"Initializing delay server ...","server_host":"a632feec1b96","server_pid":1374,"server_timestamp":"2024-04-27T03:13:05.924Z","server_type":"delay_server","server_zone":"tempZone"}
 {"log_category":"server","log_level":"info","log_message":"main: select() interrupted","server_host":"a632feec1b96","server_pid":1360,"server_timestamp":"2024-04-27T03:14:11.457Z","server_type":"server","server_zone":"tempZone"}
 {"log_category":"legacy","log_level":"info","log_message":">>> control plane :: received signal SIGTERM, performing shutdown operation\n","server_host":"a632feec1b96","server_pid":1360,"server_timestamp":"2024-04-27T03:14:11.665Z","server_type":"server","server_zone":"tempZone"}
 {"log_category":"server","log_level":"info","log_message":"Agent factory has completed shutdown [exit_code=15].","server_host":"a632feec1b96","server_pid":1360,"server_timestamp":"2024-04-27T03:14:12.297Z","server_type":"server","server_zone":"tempZone"}
 {"log_category":"server","log_level":"info","log_message":"iRODS Server is exiting with state [server_state_stopped].","server_host":"a632feec1b96","server_pid":1360,"server_timestamp":"2024-04-27T03:14:12.297Z","server_type":"server","server_zone":"tempZone"}
 {"log_category":"server","log_level":"info","log_message":"iRODS Server is done.","server_host":"a632feec1b96","server_pid":1360,"server_timestamp":"2024-04-27T03:14:12.794Z","server_type":"server","server_zone":"tempZone"}
 {"log_category":"server","log_level":"info","log_message":"Initializing server ...","server_host":"a632feec1b96","server_pid":1615,"server_timestamp":"2024-04-27T03:14:13.235Z","server_type":"server","server_zone":"tempZone"}
 {"log_category":"server","log_level":"info","log_message":"Setting up UNIX domain socket for agent factory ...","server_host":"a632feec1b96","server_pid":1615,"server_timestamp":"2024-04-27T03:14:13.245Z","server_type":"server","server_zone":"tempZone"}
 {"log_category":"server","log_level":"info","log_message":"Forking agent factory ...","server_host":"a632feec1b96","server_pid":1615,"server_timestamp":"2024-04-27T03:14:13.250Z","server_type":"server","server_zone":"tempZone"}
 {"log_category":"server","log_level":"info","log_message":"Connecting to agent factory [agent_factory_pid=1616] ...","server_host":"a632feec1b96","server_pid":1615,"server_timestamp":"2024-04-27T03:14:13.252Z","server_type":"server","server_zone":"tempZone"}
 {"log_category":"agent_factory","log_level":"info","log_message":"Initializing agent factory ...","server_host":"a632feec1b96","server_pid":1616,"server_timestamp":"2024-04-27T03:14:13.255Z","server_type":"agent_factory","server_zone":"tempZone"}
 {"local_hostname":"localhost, a632feec1b96","log_category":"server","log_level":"info","port":"1247","server_host":"a632feec1b96","server_pid":1615,"server_timestamp":"2024-04-27T03:14:13.335Z","server_type":"server","server_zone":"tempZone"}
 {"log_category":"server","log_level":"info","server_host":"a632feec1b96","server_pid":1615,"server_timestamp":"2024-04-27T03:14:13.352Z","server_type":"server","server_zone":"tempZone","zone_info.host":"localhost","zone_info.name":"tempZone","zone_info.port":"1247","zone_info.type":"LOCAL_ICAT"}
 {"log_category":"server","log_level":"info","log_message":"rodsServer Release version rods4.3.2 - API Version d is up","server_host":"a632feec1b96","server_pid":1615,"server_timestamp":"2024-04-27T03:14:13.353Z","server_type":"server","server_zone":"tempZone"}
 {"log_category":"legacy","log_level":"info","log_message":">>> control plane :: listening on port 1248\n","server_host":"a632feec1b96","server_pid":1615,"server_timestamp":"2024-04-27T03:14:13.355Z","server_type":"server","server_zone":"tempZone"}
 {"log_category":"server","log_level":"info","log_message":"Forking Delay Server (irodsDelayServer) ...","server_host":"a632feec1b96","server_pid":1615,"server_timestamp":"2024-04-27T03:14:13.675Z","server_type":"server","server_zone":"tempZone"}
 {"log_category":"delay_server","log_level":"info","log_message":"Initializing delay server ...","server_host":"a632feec1b96","server_pid":1629,"server_timestamp":"2024-04-27T03:14:13.769Z","server_type":"delay_server","server_zone":"tempZone"}
