 {"log_category":"server","log_level":"info","log_message":"Initializing server ...","server_host":"9cc87577acf8","server_pid":1497,"server_timestamp":"2024-04-27T03:13:05.560Z","server_type":"server","server_zone":"tempZone"}
 {"log_category":"server","log_level":"info","log_message":"Setting up UNIX domain socket for agent factory ...","server_host":"9cc87577acf8","server_pid":1497,"server_timestamp":"2024-04-27T03:13:05.579Z","server_type":"server","server_zone":"tempZone"}
 {"log_category":"server","log_level":"info","log_message":"Forking agent factory ...","server_host":"9cc87577acf8","server_pid":1497,"server_timestamp":"2024-04-27T03:13:05.583Z","server_type":"server","server_zone":"tempZone"}
 {"log_category":"server","log_level":"info","log_message":"Connecting to agent factory [agent_factory_pid=1498] ...","server_host":"9cc87577acf8","server_pid":1497,"server_timestamp":"2024-04-27T03:13:05.584Z","server_type":"server","server_zone":"tempZone"}
 {"log_category":"agent_factory","log_level":"info","log_message":"Initializing agent factory ...","server_host":"9cc87577acf8","server_pid":1498,"server_timestamp":"2024-04-27T03:13:05.586Z","server_type":"agent_factory","server_zone":"tempZone"}
 {"local_hostname":"localhost, 9cc87577acf8","log_category":"server","log_level":"info","port":"1247","server_host":"9cc87577acf8","server_pid":1497,"server_timestamp":"2024-04-27T03:13:05.662Z","server_type":"server","server_zone":"tempZone"}
 {"log_category":"server","log_level":"info","server_host":"9cc87577acf8","server_pid":1497,"server_timestamp":"2024-04-27T03:13:05.684Z","server_type":"server","server_zone":"tempZone","zone_info.host":"localhost","zone_info.name":"tempZone","zone_info.port":"1247","zone_info.type":"LOCAL_ICAT"}
 {"log_category":"server","log_level":"info","log_message":"rodsServer Release version rods4.3.2 - API Version d is up","server_host":"9cc87577acf8","server_pid":1497,"server_timestamp":"2024-04-27T03:13:05.685Z","server_type":"server","server_zone":"tempZone"}
 {"log_category":"legacy","log_level":"info","log_message":">>> control plane :: listening on port 1248\n","server_host":"9cc87577acf8","server_pid":1497,"server_timestamp":"2024-04-27T03:13:05.696Z","server_type":"server","server_zone":"tempZone"}
 {"log_category":"server","log_level":"info","log_message":"Forking Delay Server (irodsDelayServer) ...","server_host":"9cc87577acf8","server_pid":1497,"server_timestamp":"2024-04-27T03:13:05.970Z","server_type":"server","server_zone":"tempZone"}
 {"log_category":"delay_server","log_level":"info","log_message":"Initializing delay server ...","server_host":"9cc87577acf8","server_pid":1511,"server_timestamp":"2024-04-27T03:13:06.046Z","server_type":"delay_server","server_zone":"tempZone"}
 {"log_category":"server","log_level":"info","log_message":"main: select() interrupted","server_host":"9cc87577acf8","server_pid":1497,"server_timestamp":"2024-04-27T03:14:12.287Z","server_type":"server","server_zone":"tempZone"}
 {"log_category":"legacy","log_level":"info","log_message":">>> control plane :: received signal SIGTERM, performing shutdown operation\n","server_host":"9cc87577acf8","server_pid":1497,"server_timestamp":"2024-04-27T03:14:12.770Z","server_type":"server","server_zone":"tempZone"}
 {"log_category":"server","log_level":"info","log_message":"Agent factory has completed shutdown [exit_code=15].","server_host":"9cc87577acf8","server_pid":1497,"server_timestamp":"2024-04-27T03:14:13.527Z","server_type":"server","server_zone":"tempZone"}
 {"log_category":"server","log_level":"info","log_message":"iRODS Server is exiting with state [server_state_stopped].","server_host":"9cc87577acf8","server_pid":1497,"server_timestamp":"2024-04-27T03:14:13.527Z","server_type":"server","server_zone":"tempZone"}
 {"log_category":"server","log_level":"info","log_message":"iRODS Server is done.","server_host":"9cc87577acf8","server_pid":1497,"server_timestamp":"2024-04-27T03:14:13.929Z","server_type":"server","server_zone":"tempZone"}
 {"log_category":"server","log_level":"info","log_message":"Initializing server ...","server_host":"9cc87577acf8","server_pid":1747,"server_timestamp":"2024-04-27T03:14:14.423Z","server_type":"server","server_zone":"tempZone"}
 {"log_category":"server","log_level":"info","log_message":"Setting up UNIX domain socket for agent factory ...","server_host":"9cc87577acf8","server_pid":1747,"server_timestamp":"2024-04-27T03:14:14.433Z","server_type":"server","server_zone":"tempZone"}
 {"log_category":"server","log_level":"info","log_message":"Forking agent factory ...","server_host":"9cc87577acf8","server_pid":1747,"server_timestamp":"2024-04-27T03:14:14.437Z","server_type":"server","server_zone":"tempZone"}
 {"log_category":"server","log_level":"info","log_message":"Connecting to agent factory [agent_factory_pid=1748] ...","server_host":"9cc87577acf8","server_pid":1747,"server_timestamp":"2024-04-27T03:14:14.439Z","server_type":"server","server_zone":"tempZone"}
 {"log_category":"agent_factory","log_level":"info","log_message":"Initializing agent factory ...","server_host":"9cc87577acf8","server_pid":1748,"server_timestamp":"2024-04-27T03:14:14.442Z","server_type":"agent_factory","server_zone":"tempZone"}
 {"local_hostname":"localhost, 9cc87577acf8","log_category":"server","log_level":"info","port":"1247","server_host":"9cc87577acf8","server_pid":1747,"server_timestamp":"2024-04-27T03:14:14.514Z","server_type":"server","server_zone":"tempZone"}
 {"log_category":"server","log_level":"info","server_host":"9cc87577acf8","server_pid":1747,"server_timestamp":"2024-04-27T03:14:14.535Z","server_type":"server","server_zone":"tempZone","zone_info.host":"localhost","zone_info.name":"tempZone","zone_info.port":"1247","zone_info.type":"LOCAL_ICAT"}
 {"log_category":"server","log_level":"info","log_message":"rodsServer Release version rods4.3.2 - API Version d is up","server_host":"9cc87577acf8","server_pid":1747,"server_timestamp":"2024-04-27T03:14:14.537Z","server_type":"server","server_zone":"tempZone"}
 {"log_category":"legacy","log_level":"info","log_message":">>> control plane :: listening on port 1248\n","server_host":"9cc87577acf8","server_pid":1747,"server_timestamp":"2024-04-27T03:14:14.540Z","server_type":"server","server_zone":"tempZone"}
 {"log_category":"server","log_level":"info","log_message":"Forking Delay Server (irodsDelayServer) ...","server_host":"9cc87577acf8","server_pid":1747,"server_timestamp":"2024-04-27T03:14:14.804Z","server_type":"server","server_zone":"tempZone"}
 {"log_category":"delay_server","log_level":"info","log_message":"Initializing delay server ...","server_host":"9cc87577acf8","server_pid":1761,"server_timestamp":"2024-04-27T03:14:14.883Z","server_type":"delay_server","server_zone":"tempZone"}
