 {"log_category":"server","log_level":"info","log_message":"Initializing server ...","server_host":"2aa1cb14b180","server_pid":1359,"server_timestamp":"2024-04-27T03:13:05.395Z","server_type":"server","server_zone":"tempZone"}
 {"log_category":"server","log_level":"info","log_message":"Setting up UNIX domain socket for agent factory ...","server_host":"2aa1cb14b180","server_pid":1359,"server_timestamp":"2024-04-27T03:13:05.400Z","server_type":"server","server_zone":"tempZone"}
 {"log_category":"server","log_level":"info","log_message":"Forking agent factory ...","server_host":"2aa1cb14b180","server_pid":1359,"server_timestamp":"2024-04-27T03:13:05.402Z","server_type":"server","server_zone":"tempZone"}
 {"log_category":"server","log_level":"info","log_message":"Connecting to agent factory [agent_factory_pid=1360] ...","server_host":"2aa1cb14b180","server_pid":1359,"server_timestamp":"2024-04-27T03:13:05.403Z","server_type":"server","server_zone":"tempZone"}
 {"log_category":"agent_factory","log_level":"info","log_message":"Initializing agent factory ...","server_host":"2aa1cb14b180","server_pid":1360,"server_timestamp":"2024-04-27T03:13:05.405Z","server_type":"agent_factory","server_zone":"tempZone"}
 {"local_hostname":"localhost, 2aa1cb14b180","log_category":"server","log_level":"info","port":"1247","server_host":"2aa1cb14b180","server_pid":1359,"server_timestamp":"2024-04-27T03:13:05.478Z","server_type":"server","server_zone":"tempZone"}
 {"log_category":"server","log_level":"info","server_host":"2aa1cb14b180","server_pid":1359,"server_timestamp":"2024-04-27T03:13:05.498Z","server_type":"server","server_zone":"tempZone","zone_info.host":"localhost","zone_info.name":"tempZone","zone_info.port":"1247","zone_info.type":"LOCAL_ICAT"}
 {"log_category":"server","log_level":"info","log_message":"rodsServer Release version rods4.3.2 - API Version d is up","server_host":"2aa1cb14b180","server_pid":1359,"server_timestamp":"2024-04-27T03:13:05.499Z","server_type":"server","server_zone":"tempZone"}
 {"log_category":"legacy","log_level":"info","log_message":">>> control plane :: listening on port 1248\n","server_host":"2aa1cb14b180","server_pid":1359,"server_timestamp":"2024-04-27T03:13:05.506Z","server_type":"server","server_zone":"tempZone"}
 {"log_category":"server","log_level":"info","log_message":"Forking Delay Server (irodsDelayServer) ...","server_host":"2aa1cb14b180","server_pid":1359,"server_timestamp":"2024-04-27T03:13:05.790Z","server_type":"server","server_zone":"tempZone"}
 {"log_category":"delay_server","log_level":"info","log_message":"Initializing delay server ...","server_host":"2aa1cb14b180","server_pid":1373,"server_timestamp":"2024-04-27T03:13:05.845Z","server_type":"delay_server","server_zone":"tempZone"}
 {"log_category":"server","log_level":"info","log_message":"main: select() interrupted","server_host":"2aa1cb14b180","server_pid":1359,"server_timestamp":"2024-04-27T03:14:37.177Z","server_type":"server","server_zone":"tempZone"}
 {"log_category":"legacy","log_level":"info","log_message":">>> control plane :: received signal SIGTERM, performing shutdown operation\n","server_host":"2aa1cb14b180","server_pid":1359,"server_timestamp":"2024-04-27T03:14:37.621Z","server_type":"server","server_zone":"tempZone"}
 {"log_category":"server","log_level":"info","log_message":"Agent factory has completed shutdown [exit_code=15].","server_host":"2aa1cb14b180","server_pid":1359,"server_timestamp":"2024-04-27T03:14:38.378Z","server_type":"server","server_zone":"tempZone"}
 {"log_category":"server","log_level":"info","log_message":"iRODS Server is exiting with state [server_state_stopped].","server_host":"2aa1cb14b180","server_pid":1359,"server_timestamp":"2024-04-27T03:14:38.378Z","server_type":"server","server_zone":"tempZone"}
 {"log_category":"server","log_level":"info","log_message":"iRODS Server is done.","server_host":"2aa1cb14b180","server_pid":1359,"server_timestamp":"2024-04-27T03:14:38.759Z","server_type":"server","server_zone":"tempZone"}
 {"log_category":"server","log_level":"info","log_message":"Initializing server ...","server_host":"2aa1cb14b180","server_pid":1628,"server_timestamp":"2024-04-27T03:14:39.106Z","server_type":"server","server_zone":"tempZone"}
 {"log_category":"server","log_level":"info","log_message":"Setting up UNIX domain socket for agent factory ...","server_host":"2aa1cb14b180","server_pid":1628,"server_timestamp":"2024-04-27T03:14:39.111Z","server_type":"server","server_zone":"tempZone"}
 {"log_category":"server","log_level":"info","log_message":"Forking agent factory ...","server_host":"2aa1cb14b180","server_pid":1628,"server_timestamp":"2024-04-27T03:14:39.114Z","server_type":"server","server_zone":"tempZone"}
 {"log_category":"server","log_level":"info","log_message":"Connecting to agent factory [agent_factory_pid=1629] ...","server_host":"2aa1cb14b180","server_pid":1628,"server_timestamp":"2024-04-27T03:14:39.116Z","server_type":"server","server_zone":"tempZone"}
 {"log_category":"agent_factory","log_level":"info","log_message":"Initializing agent factory ...","server_host":"2aa1cb14b180","server_pid":1629,"server_timestamp":"2024-04-27T03:14:39.117Z","server_type":"agent_factory","server_zone":"tempZone"}
 {"local_hostname":"localhost, 2aa1cb14b180","log_category":"server","log_level":"info","port":"1247","server_host":"2aa1cb14b180","server_pid":1628,"server_timestamp":"2024-04-27T03:14:39.200Z","server_type":"server","server_zone":"tempZone"}
 {"log_category":"server","log_level":"info","server_host":"2aa1cb14b180","server_pid":1628,"server_timestamp":"2024-04-27T03:14:39.227Z","server_type":"server","server_zone":"tempZone","zone_info.host":"localhost","zone_info.name":"tempZone","zone_info.port":"1247","zone_info.type":"LOCAL_ICAT"}
 {"log_category":"server","log_level":"info","log_message":"rodsServer Release version rods4.3.2 - API Version d is up","server_host":"2aa1cb14b180","server_pid":1628,"server_timestamp":"2024-04-27T03:14:39.229Z","server_type":"server","server_zone":"tempZone"}
 {"log_category":"legacy","log_level":"info","log_message":">>> control plane :: listening on port 1248\n","server_host":"2aa1cb14b180","server_pid":1628,"server_timestamp":"2024-04-27T03:14:39.233Z","server_type":"server","server_zone":"tempZone"}
 {"log_category":"server","log_level":"info","log_message":"Forking Delay Server (irodsDelayServer) ...","server_host":"2aa1cb14b180","server_pid":1628,"server_timestamp":"2024-04-27T03:14:39.524Z","server_type":"server","server_zone":"tempZone"}
 {"log_category":"delay_server","log_level":"info","log_message":"Initializing delay server ...","server_host":"2aa1cb14b180","server_pid":1642,"server_timestamp":"2024-04-27T03:14:39.587Z","server_type":"delay_server","server_zone":"tempZone"}
